INFO [05-04|15:11:04.719] Starting pprof server                    addr=http://0.0.0.0:9545/debug/pprof
INFO [05-04|15:11:05.086] Tessera API version: 5.0 
INFO [05-04|15:11:05.091] Maximum peer count                       ETH=50 LES=0 total=50
INFO [05-04|15:11:05.097] Enabling recording of key preimages since archive mode is used 
INFO [05-04|15:11:05.097] Set global gas cap                       cap=25000000
INFO [05-04|15:11:05.097] Connecting to private tx manager using HTTP 
INFO [05-04|15:11:05.445] Tessera API version: 5.0 
WARN [05-04|15:11:05.446] Sanitizing invalid miner gas price       provided=0 updated=0
INFO [05-04|15:11:05.794] Opened ancient database                  database=/data/geth/chaindata/ancient
INFO [05-04|15:11:05.800] Initialised chain configuration          config="{ChainID: 1337 Homestead: 0 DAO: <nil> DAOSupport: false EIP150: 0 EIP155: 0 EIP158: 0 Byzantium: 0 IsQuorum: true Constantinople: 0 TransactionSizeLimit: 64 MaxCodeSize: 0 Petersburg: <nil> Istanbul: <nil>, Muir Glacier: <nil>, Berlin: <nil> YOLO v3: <nil> PrivacyEnhancements: 0 PrivacyPrecompile: <nil> Engine: istanbul}"
INFO [05-04|15:11:06.562] Loaded most recent local header          number=1591 hash="543f0c…b9fcb4" td=1592 age=1d11h5m
INFO [05-04|15:11:08.658] Started P2P networking                   self="enode://ad2c79c6561bc8212c2e8382611c62e406e767d1f3106c68ca206900f575cb8ba9a8be111c645cd9803701d684454c782c40d2361b000a32ed03d26228b30ec1@127.0.0.1:30303?discport=0"
WARN [05-04|15:11:08.986] full p2p peer                            id=133b4f32d7750cdfd4048f04df8b560be949c229c821731554c33ead5e3888a4 ethPeer="Peer 133b4f32d7750cdf 172.16.239.15:30303"
INFO [05-04|15:11:09.082] Downloader queue stats                   receiptTasks=0 blockTasks=0 itemSize=692.46B throttle=8192
INFO [05-04|15:11:12.067] Imported new chain segment               blocks=1  txs=0 mgas=0.000 elapsed=1.021ms   mgasps=0.000 number=1607 hash="69b650…a65bc9" dirty=0.00B
INFO [05-04|15:11:17.089] Imported new chain segment               blocks=1  txs=0 mgas=0.000 elapsed="669.504µs" mgasps=0.000 number=1608 hash="ecaf4b…19f13b" dirty=0.00B
INFO [05-04|15:11:22.065] Imported new chain segment               blocks=1  txs=0 mgas=0.000 elapsed=8.191ms     mgasps=0.000 number=1609 hash="24777c…721a2f" dirty=0.00B
INFO [05-04|15:11:27.113] Imported new chain segment               blocks=1  txs=0 mgas=0.000 elapsed=4.547ms     mgasps=0.000 number=1610 hash="f27644…fa6d73" dirty=0.00B
INFO [05-04|15:11:27.116] QBFT: start new round                    address=0xe090A28b8a9D0a69EC259CB745036d5D1030e3Ea old.round=0  old.sequence=1610 old.state="Accept request" old.proposer=0x93917cADBace5dFCE132B991732c6Cda9bcC5B8a next.round=0 next.seq=1611 next.proposer=0x98C1334496614aED49d2E81526D089f7264fED9C next.valSet="[0x27A97C9AaF04f18f3014c32e036dD0Ac76Da5f18 0x93917cADBace5dFCE132B991732c6Cda9bcC5B8a 0x98C1334496614aED49d2E81526D089f7264fED9C 0xcE412f988377e31F4d0fF12d74df73B51C42d0cA]" next.size=4 next.IsProposer=false
INFO [05-04|15:11:42.216] Imported new chain segment               blocks=1  txs=0 mgas=0.000 elapsed=1.534ms     mgasps=0.000 number=1613 hash="5fb21d…6ca811" dirty=0.00B
WARN [05-04|15:11:42.217] Block sealing failed                     err=unauthorized
INFO [05-04|15:11:49.169] QBFT: handle final committed             address=0xe090A28b8a9D0a69EC259CB745036d5D1030e3Ea current.round=0 current.sequence=1614 state="Accept request"
INFO [05-04|15:11:52.242] Imported new chain segment               blocks=1  txs=0 mgas=0.000 elapsed=69.800ms    mgasps=0.000 number=1615 hash="b7c8ad…7fcde9" dirty=0.00B
INFO [05-04|15:11:52.258] Commit new mining work                   number=1616 sealhash="837b63…4d2573" uncles=0 txs=0 gas=0 fees=0 elapsed="677.335µs"
INFO [05-04|15:11:52.260] QBFT: start new round                    address=0xe090A28b8a9D0a69EC259CB745036d5D1030e3Ea old.round=0  old.sequence=1615 old.state="Accept request" old.proposer=0x98C1334496614aED49d2E81526D089f7264fED9C next.round=0 next.seq=1616 next.proposer=0xcE412f988377e31F4d0fF12d74df73B51C42d0cA next.valSet="[0x27A97C9AaF04f18f3014c32e036dD0Ac76Da5f18 0x93917cADBace5dFCE132B991732c6Cda9bcC5B8a 0x98C1334496614aED49d2E81526D089f7264fED9C 0xcE412f988377e31F4d0fF12d74df73B51C42d0cA]" next.size=4 next.IsProposer=false
INFO [05-04|15:11:57.812] Commit new mining work                   number=1617 sealhash="6fcef4…74ff6a" uncles=0 txs=0 gas=0 fees=0 elapsed=6.761ms
INFO [05-04|15:12:02.131] QBFT: start new round                    address=0xe090A28b8a9D0a69EC259CB745036d5D1030e3Ea old.round=0  old.sequence=1617 old.state="Accept request" old.proposer=0x27A97C9AaF04f18f3014c32e036dD0Ac76Da5f18 next.round=0 next.seq=1618 next.proposer=0x93917cADBace5dFCE132B991732c6Cda9bcC5B8a next.valSet="[0x27A97C9AaF04f18f3014c32e036dD0Ac76Da5f18 0x93917cADBace5dFCE132B991732c6Cda9bcC5B8a 0x98C1334496614aED49d2E81526D089f7264fED9C 0xcE412f988377e31F4d0fF12d74df73B51C42d0cA]" next.size=4 next.IsProposer=false
INFO [05-04|15:12:07.105] Imported new chain segment               blocks=1  txs=0 mgas=0.000 elapsed=2.499ms     mgasps=0.000 number=1618 hash="5d0230…b3eeb4" dirty=0.00B
WARN [05-04|15:12:07.108] Block sealing failed                     err=unauthorized
INFO [05-04|15:12:22.178] Imported new chain segment               blocks=1  txs=0 mgas=0.000 elapsed=12.525ms    mgasps=0.000 number=1621 hash="af3dcd…f8394c" dirty=0.00B
INFO [05-04|15:12:22.194] QBFT: handle final committed             address=0xe090A28b8a9D0a69EC259CB745036d5D1030e3Ea current.round=0 current.sequence=1621 state="Accept request"
INFO [05-04|15:12:22.212] Commit new mining work                   number=1622 sealhash="4e6d5f…7d07cc" uncles=0 txs=0 gas=0 fees=0 elapsed=27.443ms
INFO [05-04|15:12:32.203] Imported new chain segment               blocks=1  txs=0 mgas=0.000 elapsed=3.558ms     mgasps=0.000 number=1623 hash="946fd7…36fc5a" dirty=0.00B
WARN [05-04|15:12:37.304] Block sealing failed                     err=unauthorized
INFO [05-04|15:12:37.304] Commit new mining work                   number=1625 sealhash="e779ee…5a1c5a" uncles=0 txs=0 gas=0 fees=0 elapsed=18.889ms
INFO [05-04|15:13:02.328] Imported new chain segment               blocks=1  txs=0 mgas=0.000 elapsed=11.523ms    mgasps=0.000 number=1629 hash="043f5d…041bbb" dirty=0.00B
INFO [05-04|15:13:02.330] QBFT: handle final committed             address=0xe090A28b8a9D0a69EC259CB745036d5D1030e3Ea current.round=0 current.sequence=1629 state="Accept request"
INFO [05-04|15:13:02.330] QBFT: initialize new round               address=0xe090A28b8a9D0a69EC259CB745036d5D1030e3Ea current.round=0 current.sequence=1629 target.round=0 lastProposal.number=1629 lastProposal.hash="043f5d…041bbb"
INFO [05-04|15:13:07.132] Commit new mining work                   number=1631 sealhash="57b9fc…5ca8d8" uncles=0 txs=0 gas=0 fees=0 elapsed="355.748µs"
INFO [05-04|15:13:17.848] QBFT: handle final committed             address=0xe090A28b8a9D0a69EC259CB745036d5D1030e3Ea current.round=0 current.sequence=1632 state="Accept request"
INFO [05-04|15:13:17.858] QBFT: start new round                    address=0xe090A28b8a9D0a69EC259CB745036d5D1030e3Ea old.round=0  old.sequence=1632 old.state="Accept request" old.proposer=0xcE412f988377e31F4d0fF12d74df73B51C42d0cA next.round=0 next.seq=1633 next.proposer=0x27A97C9AaF04f18f3014c32e036dD0Ac76Da5f18 next.valSet="[0x27A97C9AaF04f18f3014c32e036dD0Ac76Da5f18 0x93917cADBace5dFCE132B991732c6Cda9bcC5B8a 0x98C1334496614aED49d2E81526D089f7264fED9C 0xcE412f988377e31F4d0fF12d74df73B51C42d0cA]" next.size=4 next.IsProposer=false
INFO [05-04|15:13:22.808] Imported new chain segment               blocks=1  txs=0 mgas=0.000 elapsed=80.853ms    mgasps=0.000 number=1633 hash="30b0b5…6e246f" dirty=0.00B
INFO [05-04|15:13:22.856] Commit new mining work                   number=1634 sealhash="b2f203…91829f" uncles=0 txs=0 gas=0 fees=0 elapsed=47.307ms
INFO [05-04|15:13:22.878] QBFT: start new round                    address=0xe090A28b8a9D0a69EC259CB745036d5D1030e3Ea old.round=0  old.sequence=1633 old.state="Accept request" old.proposer=0x27A97C9AaF04f18f3014c32e036dD0Ac76Da5f18 next.round=0 next.seq=1634 next.proposer=0x93917cADBace5dFCE132B991732c6Cda9bcC5B8a next.valSet="[0x27A97C9AaF04f18f3014c32e036dD0Ac76Da5f18 0x93917cADBace5dFCE132B991732c6Cda9bcC5B8a 0x98C1334496614aED49d2E81526D089f7264fED9C 0xcE412f988377e31F4d0fF12d74df73B51C42d0cA]" next.size=4 next.IsProposer=false
INFO [05-04|15:13:27.475] Imported new chain segment               blocks=1  txs=0 mgas=0.000 elapsed=124.312ms   mgasps=0.000 number=1634 hash="4b82dd…76c12c" dirty=0.00B
INFO [05-04|15:13:47.300] Imported new chain segment               blocks=1  txs=0 mgas=0.000 elapsed=2.446ms     mgasps=0.000 number=1638 hash="84ee0b…914fec" dirty=0.00B
INFO [05-04|15:13:47.302] Commit new mining work                   number=1639 sealhash="9a1ffc…e0a3c5" uncles=0 txs=0 gas=0 fees=0 elapsed=1.803ms
INFO [05-04|15:14:02.912] Imported new chain segment               blocks=1  txs=0 mgas=0.000 elapsed=32.489ms    mgasps=0.000 number=1641 hash="6901fc…e697ad" dirty=0.00B
INFO [05-04|15:14:02.915] Commit new mining work                   number=1642 sealhash="7d9745…4d41c8" uncles=0 txs=0 gas=0 fees=0 elapsed=2.121ms
INFO [05-04|15:14:12.217] Imported new chain segment               blocks=1  txs=0 mgas=0.000 elapsed=3.412ms     mgasps=0.000 number=1643 hash="900c8e…9588d6" dirty=0.00B
INFO [05-04|15:14:12.244] QBFT: handle final committed             address=0xe090A28b8a9D0a69EC259CB745036d5D1030e3Ea current.round=0 current.sequence=1643 state="Accept request"
INFO [05-04|15:14:12.367] QBFT: start new round                    address=0xe090A28b8a9D0a69EC259CB745036d5D1030e3Ea old.round=0  old.sequence=1643 old.state="Accept request" old.proposer=0x98C1334496614aED49d2E81526D089f7264fED9C next.round=0 next.seq=1644 next.proposer=0xcE412f988377e31F4d0fF12d74df73B51C42d0cA next.valSet="[0x27A97C9AaF04f18f3014c32e036dD0Ac76Da5f18 0x93917cADBace5dFCE132B991732c6Cda9bcC5B8a 0x98C1334496614aED49d2E81526D089f7264fED9C 0xcE412f988377e31F4d0fF12d74df73B51C42d0cA]" next.size=4 next.IsProposer=false
WARN [05-04|15:14:17.245] Block sealing failed                     err=unauthorized
INFO [05-04|15:14:22.561] Imported new chain segment               blocks=1  txs=0 mgas=0.000 elapsed=8.043ms     mgasps=0.000 number=1645 hash="018aad…ff522c" dirty=0.00B
INFO [05-04|15:14:22.591] Commit new mining work                   number=1646 sealhash="264725…3cc77a" uncles=0 txs=0 gas=0 fees=0 elapsed=27.895ms
INFO [05-04|15:14:28.044] Imported new chain segment               blocks=1  txs=0 mgas=0.000 elapsed=4.943ms     mgasps=0.000 number=1646 hash="30612b…af8d63" dirty=0.00B
INFO [05-04|15:14:32.805] QBFT: handle final committed             address=0xe090A28b8a9D0a69EC259CB745036d5D1030e3Ea current.round=0 current.sequence=1647 state="Accept request"
INFO [05-04|15:14:37.282] QBFT: handle final committed             address=0xe090A28b8a9D0a69EC259CB745036d5D1030e3Ea current.round=0 current.sequence=1648 state="Accept request"
INFO [05-04|15:14:37.283] QBFT: initialize new round               address=0xe090A28b8a9D0a69EC259CB745036d5D1030e3Ea current.round=0 current.sequence=1648 target.round=0 lastProposal.number=1648 lastProposal.hash="ba94da…86b76d"
INFO [05-04|15:14:42.977] Imported new chain segment               blocks=1  txs=0 mgas=0.000 elapsed=53.760ms    mgasps=0.000 number=1649 hash="a22d9a…dad7cf" dirty=0.00B
INFO [05-04|15:14:42.995] QBFT: handle final committed             address=0xe090A28b8a9D0a69EC259CB745036d5D1030e3Ea current.round=0 current.sequence=1649 state="Accept request"
INFO [05-04|15:14:52.771] Imported new chain segment               blocks=1  txs=0 mgas=0.000 elapsed=50.630ms    mgasps=0.000 number=1651 hash="6533e4…523e3c" dirty=0.00B
INFO [05-04|15:15:02.696] Imported new chain segment               blocks=1  txs=0 mgas=0.000 elapsed=60.060ms    mgasps=0.000 number=1653 hash="b63c98…bd2786" dirty=0.00B
INFO [05-04|15:15:02.714] QBFT: handle final committed             address=0xe090A28b8a9D0a69EC259CB745036d5D1030e3Ea current.round=0 current.sequence=1653 state="Accept request"
INFO [05-04|15:15:02.714] QBFT: initialize new round               address=0xe090A28b8a9D0a69EC259CB745036d5D1030e3Ea current.round=0 current.sequence=1653 target.round=0 lastProposal.number=1653 lastProposal.hash="b63c98…bd2786"
INFO [05-04|15:15:07.458] Imported new chain segment               blocks=1  txs=0 mgas=0.000 elapsed=79.639ms    mgasps=0.000 number=1654 hash="ab24ef…ef0f53" dirty=0.00B
INFO [05-04|15:15:17.274] Commit new mining work                   number=1657 sealhash="32822d…70cef8" uncles=0 txs=0 gas=0 fees=0 elapsed=43.250ms
INFO [05-04|15:15:27.277] Imported new chain segment               blocks=1  txs=0 mgas=0.000 elapsed=6.331ms     mgasps=0.000 number=1658 hash="68f811…b9615d" dirty=0.00B
INFO [05-04|15:15:32.498] Imported new chain segment               blocks=1  txs=0 mgas=0.000 elapsed=94.633ms    mgasps=0.000 number=1659 hash="58f64e…4ebcc3" dirty=0.00B
INFO [05-04|15:15:32.540] Commit new mining work                   number=1660 sealhash="f70861…baed50" uncles=0 txs=0 gas=0 fees=0 elapsed=41.644ms
WARN [05-04|15:15:32.541] Block sealing failed                     err=unauthorized
INFO [05-04|15:15:37.922] QBFT: handle final committed             address=0xe090A28b8a9D0a69EC259CB745036d5D1030e3Ea current.round=0 current.sequence=1660 state="Accept request"
INFO [05-04|15:15:37.970] QBFT: start new round                    address=0xe090A28b8a9D0a69EC259CB745036d5D1030e3Ea old.round=0  old.sequence=1660 old.state="Accept request" old.proposer=0xcE412f988377e31F4d0fF12d74df73B51C42d0cA next.round=0 next.seq=1661 next.proposer=0x27A97C9AaF04f18f3014c32e036dD0Ac76Da5f18 next.valSet="[0x27A97C9AaF04f18f3014c32e036dD0Ac76Da5f18 0x93917cADBace5dFCE132B991732c6Cda9bcC5B8a 0x98C1334496614aED49d2E81526D089f7264fED9C 0xcE412f988377e31F4d0fF12d74df73B51C42d0cA]" next.size=4 next.IsProposer=false
INFO [05-04|15:15:47.446] Imported new chain segment               blocks=1  txs=0 mgas=0.000 elapsed=176.635ms   mgasps=0.000 number=1662 hash="4686c6…4d21d3" dirty=0.00B
INFO [05-04|15:15:47.455] QBFT: start new round                    address=0xe090A28b8a9D0a69EC259CB745036d5D1030e3Ea old.round=0  old.sequence=1662 old.state="Accept request" old.proposer=0x93917cADBace5dFCE132B991732c6Cda9bcC5B8a next.round=0 next.seq=1663 next.proposer=0x98C1334496614aED49d2E81526D089f7264fED9C next.valSet="[0x27A97C9AaF04f18f3014c32e036dD0Ac76Da5f18 0x93917cADBace5dFCE132B991732c6Cda9bcC5B8a 0x98C1334496614aED49d2E81526D089f7264fED9C 0xcE412f988377e31F4d0fF12d74df73B51C42d0cA]" next.size=4 next.IsProposer=false
INFO [05-04|15:15:57.660] QBFT: start new round                    address=0xe090A28b8a9D0a69EC259CB745036d5D1030e3Ea old.round=0  old.sequence=1664 old.state="Accept request" old.proposer=0xcE412f988377e31F4d0fF12d74df73B51C42d0cA next.round=0 next.seq=1665 next.proposer=0x27A97C9AaF04f18f3014c32e036dD0Ac76Da5f18 next.valSet="[0x27A97C9AaF04f18f3014c32e036dD0Ac76Da5f18 0x93917cADBace5dFCE132B991732c6Cda9bcC5B8a 0x98C1334496614aED49d2E81526D089f7264fED9C 0xcE412f988377e31F4d0fF12d74df73B51C42d0cA]" next.size=4 next.IsProposer=false
INFO [05-04|15:16:12.346] Commit new mining work                   number=1668 sealhash="33118a…8fd5cc" uncles=0 txs=0 gas=0 fees=0 elapsed=1.405ms
WARN [05-04|15:16:12.347] Block sealing failed                     err=unauthorized
INFO [05-04|15:16:12.347] QBFT: handle final committed             address=0xe090A28b8a9D0a69EC259CB745036d5D1030e3Ea current.round=0 current.sequence=1667 state="Accept request"
INFO [05-04|15:16:12.347] QBFT: initialize new round               address=0xe090A28b8a9D0a69EC259CB745036d5D1030e3Ea current.round=0 current.sequence=1667 target.round=0 lastProposal.number=1667 lastProposal.hash="20d429…d07c96"
INFO [05-04|15:16:12.347] QBFT: start new round                    address=0xe090A28b8a9D0a69EC259CB745036d5D1030e3Ea old.round=0  old.sequence=1667 old.state="Accept request" old.proposer=0x98C1334496614aED49d2E81526D089f7264fED9C next.round=0 next.seq=1668 next.proposer=0xcE412f988377e31F4d0fF12d74df73B51C42d0cA next.valSet="[0x27A97C9AaF04f18f3014c32e036dD0Ac76Da5f18 0x93917cADBace5dFCE132B991732c6Cda9bcC5B8a 0x98C1334496614aED49d2E81526D089f7264fED9C 0xcE412f988377e31F4d0fF12d74df73B51C42d0cA]" next.size=4 next.IsProposer=false
INFO [05-04|15:16:37.093] Imported new chain segment               blocks=1  txs=0 mgas=0.000 elapsed=2.249ms     mgasps=0.000 number=1672 hash="ed2f6a…6cbbd4" dirty=0.00B
INFO [05-04|15:16:37.094] QBFT: handle final committed             address=0xe090A28b8a9D0a69EC259CB745036d5D1030e3Ea current.round=0 current.sequence=1672 state="Accept request"
INFO [05-04|15:16:37.095] QBFT: initialize new round               address=0xe090A28b8a9D0a69EC259CB745036d5D1030e3Ea current.round=0 current.sequence=1672 target.round=0 lastProposal.number=1672 lastProposal.hash="ed2f6a…6cbbd4"
INFO [05-04|15:16:37.094] Commit new mining work                   number=1673 sealhash="a96df2…3c7366" uncles=0 txs=0 gas=0 fees=0 elapsed="453.812µs"
WARN [05-04|15:16:37.094] Block sealing failed                     err=unauthorized
INFO [05-04|15:16:42.076] QBFT: handle final committed             address=0xe090A28b8a9D0a69EC259CB745036d5D1030e3Ea current.round=0 current.sequence=1673 state="Accept request"
INFO [05-04|15:16:42.077] QBFT: initialize new round               address=0xe090A28b8a9D0a69EC259CB745036d5D1030e3Ea current.round=0 current.sequence=1673 target.round=0 lastProposal.number=1673 lastProposal.hash="fe6038…b24996"
INFO [05-04|15:16:42.084] QBFT: start new round                    address=0xe090A28b8a9D0a69EC259CB745036d5D1030e3Ea old.round=0  old.sequence=1673 old.state="Accept request" old.proposer=0x27A97C9AaF04f18f3014c32e036dD0Ac76Da5f18 next.round=0 next.seq=1674 next.proposer=0x93917cADBace5dFCE132B991732c6Cda9bcC5B8a next.valSet="[0x27A97C9AaF04f18f3014c32e036dD0Ac76Da5f18 0x93917cADBace5dFCE132B991732c6Cda9bcC5B8a 0x98C1334496614aED49d2E81526D089f7264fED9C 0xcE412f988377e31F4d0fF12d74df73B51C42d0cA]" next.size=4 next.IsProposer=false
INFO [05-04|15:16:47.087] Imported new chain segment               blocks=1  txs=0 mgas=0.000 elapsed=1.474ms     mgasps=0.000 number=1674 hash="6b4600…5502eb" dirty=0.00B
INFO [05-04|15:16:52.064] Imported new chain segment               blocks=1  txs=0 mgas=0.000 elapsed=9.608ms     mgasps=0.000 number=1675 hash="9b798a…104fd2" dirty=0.00B
INFO [05-04|15:16:52.065] QBFT: handle final committed             address=0xe090A28b8a9D0a69EC259CB745036d5D1030e3Ea current.round=0 current.sequence=1675 state="Accept request"
INFO [05-04|15:16:52.066] QBFT: start new round                    address=0xe090A28b8a9D0a69EC259CB745036d5D1030e3Ea old.round=0  old.sequence=1675 old.state="Accept request" old.proposer=0x98C1334496614aED49d2E81526D089f7264fED9C next.round=0 next.seq=1676 next.proposer=0xcE412f988377e31F4d0fF12d74df73B51C42d0cA next.valSet="[0x27A97C9AaF04f18f3014c32e036dD0Ac76Da5f18 0x93917cADBace5dFCE132B991732c6Cda9bcC5B8a 0x98C1334496614aED49d2E81526D089f7264fED9C 0xcE412f988377e31F4d0fF12d74df73B51C42d0cA]" next.size=4 next.IsProposer=false
WARN [05-04|15:17:02.099] Block sealing failed                     err=unauthorized
INFO [05-04|15:17:07.023] Imported new chain segment               blocks=1  txs=0 mgas=0.000 elapsed=2.349ms     mgasps=0.000 number=1678 hash="e322dd…52d213" dirty=0.00B
INFO [05-04|15:17:12.043] QBFT: initialize new round               address=0xe090A28b8a9D0a69EC259CB745036d5D1030e3Ea current.round=0 current.sequence=1679 target.round=0 lastProposal.number=1679 lastProposal.hash="498ead…309e81"
INFO [05-04|15:17:27.063] Commit new mining work                   number=1681 sealhash="b71fc4…201a4c" uncles=0 txs=0 gas=0 fees=0 elapsed="207.608µs"
INFO [05-04|15:17:47.056] Imported new chain segment               blocks=1  txs=0 mgas=0.000 elapsed=7.498ms     mgasps=0.000 number=1685 hash="468cc8…c77fef" dirty=0.00B
INFO [05-04|15:18:07.047] Imported new chain segment               blocks=1  txs=0 mgas=0.000 elapsed=8.903ms     mgasps=0.000 number=1689 hash="bcd714…11397d" dirty=0.00B
INFO [05-04|15:18:12.038] Imported new chain segment               blocks=1  txs=0 mgas=0.000 elapsed="940.059µs" mgasps=0.000 number=1690 hash="fb70c5…7e98e4" dirty=0.00B
INFO [05-04|15:18:12.039] QBFT: start new round                    address=0xe090A28b8a9D0a69EC259CB745036d5D1030e3Ea old.round=0  old.sequence=1690 old.state="Accept request" old.proposer=0x98C1334496614aED49d2E81526D089f7264fED9C next.round=0 next.seq=1691 next.proposer=0xcE412f988377e31F4d0fF12d74df73B51C42d0cA next.valSet="[0x27A97C9AaF04f18f3014c32e036dD0Ac76Da5f18 0x93917cADBace5dFCE132B991732c6Cda9bcC5B8a 0x98C1334496614aED49d2E81526D089f7264fED9C 0xcE412f988377e31F4d0fF12d74df73B51C42d0cA]" next.size=4 next.IsProposer=false
INFO [05-04|15:18:17.025] QBFT: start new round                    address=0xe090A28b8a9D0a69EC259CB745036d5D1030e3Ea old.round=0  old.sequence=1691 old.state="Accept request" old.proposer=0xcE412f988377e31F4d0fF12d74df73B51C42d0cA next.round=0 next.seq=1692 next.proposer=0x27A97C9AaF04f18f3014c32e036dD0Ac76Da5f18 next.valSet="[0x27A97C9AaF04f18f3014c32e036dD0Ac76Da5f18 0x93917cADBace5dFCE132B991732c6Cda9bcC5B8a 0x98C1334496614aED49d2E81526D089f7264fED9C 0xcE412f988377e31F4d0fF12d74df73B51C42d0cA]" next.size=4 next.IsProposer=false
INFO [05-04|15:18:17.028] Commit new mining work                   number=1692 sealhash="473dec…e0c86d" uncles=0 txs=0 gas=0 fees=0 elapsed=3.288ms
INFO [05-04|15:18:32.036] Imported new chain segment               blocks=1  txs=0 mgas=0.000 elapsed=2.084ms     mgasps=0.000 number=1694 hash="a2388e…093e64" dirty=0.00B
INFO [05-04|15:18:32.042] Commit new mining work                   number=1695 sealhash="b6ba98…e51aab" uncles=0 txs=0 gas=0 fees=0 elapsed=4.568ms
INFO [05-04|15:18:42.068] Imported new chain segment               blocks=1  txs=0 mgas=0.000 elapsed=5.653ms     mgasps=0.000 number=1696 hash="d568da…12391b" dirty=0.00B
INFO [05-04|15:18:42.071] QBFT: start new round                    address=0xe090A28b8a9D0a69EC259CB745036d5D1030e3Ea old.round=0  old.sequence=1696 old.state="Accept request" old.proposer=0x27A97C9AaF04f18f3014c32e036dD0Ac76Da5f18 next.round=0 next.seq=1697 next.proposer=0x93917cADBace5dFCE132B991732c6Cda9bcC5B8a next.valSet="[0x27A97C9AaF04f18f3014c32e036dD0Ac76Da5f18 0x93917cADBace5dFCE132B991732c6Cda9bcC5B8a 0x98C1334496614aED49d2E81526D089f7264fED9C 0xcE412f988377e31F4d0fF12d74df73B51C42d0cA]" next.size=4 next.IsProposer=false
INFO [05-04|15:18:52.084] QBFT: handle final committed             address=0xe090A28b8a9D0a69EC259CB745036d5D1030e3Ea current.round=0 current.sequence=1698 state="Accept request"
INFO [05-04|15:18:57.025] QBFT: handle final committed             address=0xe090A28b8a9D0a69EC259CB745036d5D1030e3Ea current.round=0 current.sequence=1699 state="Accept request"
INFO [05-04|15:19:07.025] QBFT: handle final committed             address=0xe090A28b8a9D0a69EC259CB745036d5D1030e3Ea current.round=0 current.sequence=1701 state="Accept request"
INFO [05-04|15:19:07.537] Got interrupt, shutting down... 
INFO [05-04|15:19:07.539] HTTP server stopped                      endpoint=[::]:8546
INFO [05-04|15:19:07.545] Ethereum protocol stopped 
INFO [05-04|15:19:07.552] Persisted trie from memory database      nodes=0 size=0.00B time="8.072µs" gcnodes=0 gcsize=0.00B gctime=0s livenodes=1 livesize=0.00B
INFO [05-04|15:19:07.612] Persisted the clean trie cache           path=/data/geth/triecache elapsed=58.263ms
INFO [05-04|15:19:07.612] Writing clean trie cache to disk         path=/data/geth/privatetriecache threads=6
INFO [05-04|15:19:07.615] Persisted the clean trie cache           path=/data/geth/privatetriecache elapsed=2.781ms
INFO [05-04|15:19:07.615] Blockchain stopped 
