INFO [05-04|15:11:03.888] Starting pprof server                    addr=http://0.0.0.0:9545/debug/pprof
INFO [05-04|15:11:03.893] Connecting to private tx manager using HTTP 
INFO [05-04|15:11:05.048] Tessera API version: 5.0 
INFO [05-04|15:11:05.053] Maximum peer count                       ETH=50 LES=0 total=50
INFO [05-04|15:11:05.056] Enabling recording of key preimages since archive mode is used 
INFO [05-04|15:11:05.393] Tessera API version: 5.0 
INFO [05-04|15:11:06.446] Loaded most recent local fast block      number=1591 hash="543f0c…b9fcb4" td=1592 age=1d11h5m
INFO [05-04|15:11:08.038] IPC endpoint opened                      url=/data/geth.ipc isMultitenant=false
INFO [05-04|15:11:08.039] Security Plugin is not enabled 
WARN [05-04|15:11:08.222] full p2p peer                            id=133b4f32d7750cdfd4048f04df8b560be949c229c821731554c33ead5e3888a4 ethPeer="Peer 133b4f32d7750cdf 172.16.239.15:30303"
INFO [05-04|15:11:08.233] Block synchronisation started 
WARN [05-04|15:11:08.255] full p2p peer                            id=7bdd9cf0154c19f388ab92cf401bdfcd9221cd790e7cd66eece303ed4d4b53b1 ethPeer="Peer 7bdd9cf0154c19f3 172.16.239.18:30303"
WARN [05-04|15:11:08.777] full p2p peer                            id=77e699b8a5282fa3837e39b3e090a28b8a9d0a69ec259cb745036d5d1030e3ea ethPeer="Peer 77e699b8a5282fa3 172.16.239.17:32970"
INFO [05-04|15:11:08.819] Imported new chain segment               blocks=15 txs=0 mgas=0.000 elapsed=414.327ms mgasps=0.000 number=1606 hash="99b2e5…8cc909" dirty=0.00B
INFO [05-04|15:11:12.091] Imported new chain segment               blocks=1  txs=0 mgas=0.000 elapsed=5.683ms   mgasps=0.000 number=1607 hash="69b650…a65bc9" dirty=0.00B
INFO [05-04|15:11:17.099] Imported new chain segment               blocks=1  txs=0 mgas=0.000 elapsed="679.414µs" mgasps=0.000 number=1608 hash="ecaf4b…19f13b" dirty=0.00B
INFO [05-04|15:11:22.067] Imported new chain segment               blocks=1  txs=0 mgas=0.000 elapsed=9.253ms     mgasps=0.000 number=1609 hash="24777c…721a2f" dirty=0.00B
INFO [05-04|15:11:27.116] QBFT: start new round                    address=0x13A52aaB892e1322e8b52506276363d4754c122e old.round=0  old.sequence=1610 old.state="Accept request" old.proposer=0x93917cADBace5dFCE132B991732c6Cda9bcC5B8a next.round=0 next.seq=1611 next.proposer=0x98C1334496614aED49d2E81526D089f7264fED9C next.valSet="[0x27A97C9AaF04f18f3014c32e036dD0Ac76Da5f18 0x93917cADBace5dFCE132B991732c6Cda9bcC5B8a 0x98C1334496614aED49d2E81526D089f7264fED9C 0xcE412f988377e31F4d0fF12d74df73B51C42d0cA]" next.size=4 next.IsProposer=false
INFO [05-04|15:11:32.052] Imported new chain segment               blocks=1  txs=0 mgas=0.000 elapsed=1.309ms     mgasps=0.000 number=1611 hash="2aa35b…46e8a1" dirty=0.00B
INFO [05-04|15:11:32.052] QBFT: handle final committed             address=0x13A52aaB892e1322e8b52506276363d4754c122e current.round=0 current.sequence=1611 state="Accept request"
INFO [05-04|15:11:32.052] QBFT: initialize new round               address=0x13A52aaB892e1322e8b52506276363d4754c122e current.round=0 current.sequence=1611 target.round=0 lastProposal.number=1611 lastProposal.hash="2aa35b…46e8a1"
INFO [05-04|15:11:32.053] QBFT: start new round                    address=0x13A52aaB892e1322e8b52506276363d4754c122e old.round=0  old.sequence=1611 old.state="Accept request" old.proposer=0x98C1334496614aED49d2E81526D089f7264fED9C next.round=0 next.seq=1612 next.proposer=0xcE412f988377e31F4d0fF12d74df73B51C42d0cA next.valSet="[0x27A97C9AaF04f18f3014c32e036dD0Ac76Da5f18 0x93917cADBace5dFCE132B991732c6Cda9bcC5B8a 0x98C1334496614aED49d2E81526D089f7264fED9C 0xcE412f988377e31F4d0fF12d74df73B51C42d0cA]" next.size=4 next.IsProposer=false
INFO [05-04|15:11:32.053] Commit new mining work                   number=1612 sealhash="ccfdba…beaf70" uncles=0 txs=0 gas=0 fees=0 elapsed=1.495ms
WARN [05-04|15:11:32.054] Block sealing failed                     err=unauthorized
INFO [05-04|15:11:37.134] Imported new chain segment               blocks=1  txs=0 mgas=0.000 elapsed=9.915ms     mgasps=0.000 number=1612 hash="5869a8…b5ff14" dirty=0.00B
INFO [05-04|15:11:42.183] Imported new chain segment               blocks=1  txs=0 mgas=0.000 elapsed=8.162ms     mgasps=0.000 number=1613 hash="5fb21d…6ca811" dirty=0.00B
INFO [05-04|15:11:49.072] QBFT: initialize new round               address=0x13A52aaB892e1322e8b52506276363d4754c122e current.round=0 current.sequence=1614 target.round=0 lastProposal.number=1614 lastProposal.hash="7845df…65f9f8"
WARN [05-04|15:12:02.132] Block sealing failed                     err=unauthorized
INFO [05-04|15:12:07.132] Imported new chain segment               blocks=1  txs=0 mgas=0.000 elapsed=15.396ms    mgasps=0.000 number=1618 hash="5d0230…b3eeb4" dirty=0.00B
INFO [05-04|15:12:12.122] QBFT: start new round                    address=0x13A52aaB892e1322e8b52506276363d4754c122e old.round=0  old.sequence=1619 old.state="Accept request" old.proposer=0x98C1334496614aED49d2E81526D089f7264fED9C next.round=0 next.seq=1620 next.proposer=0xcE412f988377e31F4d0fF12d74df73B51C42d0cA next.valSet="[0x27A97C9AaF04f18f3014c32e036dD0Ac76Da5f18 0x93917cADBace5dFCE132B991732c6Cda9bcC5B8a 0x98C1334496614aED49d2E81526D089f7264fED9C 0xcE412f988377e31F4d0fF12d74df73B51C42d0cA]" next.size=4 next.IsProposer=false
INFO [05-04|15:12:17.119] Imported new chain segment               blocks=1  txs=0 mgas=0.000 elapsed=25.550ms    mgasps=0.000 number=1620 hash="3d3d1b…ea2d05" dirty=0.00B
INFO [05-04|15:12:17.163] QBFT: handle final committed             address=0x13A52aaB892e1322e8b52506276363d4754c122e current.round=0 current.sequence=1620 state="Accept request"
INFO [05-04|15:12:17.164] QBFT: initialize new round               address=0x13A52aaB892e1322e8b52506276363d4754c122e current.round=0 current.sequence=1620 target.round=0 lastProposal.number=1620 lastProposal.hash="3d3d1b…ea2d05"
INFO [05-04|15:12:37.318] Imported new chain segment               blocks=1  txs=0 mgas=0.000 elapsed=18.381ms    mgasps=0.000 number=1624 hash="ee17d0…ab8c67" dirty=0.00B
INFO [05-04|15:12:37.342] QBFT: start new round                    address=0x13A52aaB892e1322e8b52506276363d4754c122e old.round=0  old.sequence=1624 old.state="Accept request" old.proposer=0xcE412f988377e31F4d0fF12d74df73B51C42d0cA next.round=0 next.seq=1625 next.proposer=0x27A97C9AaF04f18f3014c32e036dD0Ac76Da5f18 next.valSet="[0x27A97C9AaF04f18f3014c32e036dD0Ac76Da5f18 0x93917cADBace5dFCE132B991732c6Cda9bcC5B8a 0x98C1334496614aED49d2E81526D089f7264fED9C 0xcE412f988377e31F4d0fF12d74df73B51C42d0cA]" next.size=4 next.IsProposer=false
INFO [05-04|15:12:37.368] Commit new mining work                   number=1625 sealhash="3dc021…550e3c" uncles=0 txs=0 gas=0 fees=0 elapsed=37.323ms
WARN [05-04|15:12:37.370] Block sealing failed                     err=unauthorized
INFO [05-04|15:12:42.178] Imported new chain segment               blocks=1  txs=0 mgas=0.000 elapsed=14.139ms    mgasps=0.000 number=1625 hash="ea65b0…6ebeb0" dirty=0.00B
INFO [05-04|15:12:42.183] QBFT: initialize new round               address=0x13A52aaB892e1322e8b52506276363d4754c122e current.round=0 current.sequence=1625 target.round=0 lastProposal.number=1625 lastProposal.hash="ea65b0…6ebeb0"
INFO [05-04|15:12:42.188] Commit new mining work                   number=1626 sealhash="4514ff…456d44" uncles=0 txs=0 gas=0 fees=0 elapsed=6.368ms
INFO [05-04|15:12:52.691] QBFT: handle final committed             address=0x13A52aaB892e1322e8b52506276363d4754c122e current.round=0 current.sequence=1627 state="Accept request"
INFO [05-04|15:12:57.586] QBFT: initialize new round               address=0x13A52aaB892e1322e8b52506276363d4754c122e current.round=0 current.sequence=1628 target.round=0 lastProposal.number=1628 lastProposal.hash="0122dd…57f078"
INFO [05-04|15:13:02.358] QBFT: handle final committed             address=0x13A52aaB892e1322e8b52506276363d4754c122e current.round=0 current.sequence=1629 state="Accept request"
INFO [05-04|15:13:02.368] QBFT: initialize new round               address=0x13A52aaB892e1322e8b52506276363d4754c122e current.round=0 current.sequence=1629 target.round=0 lastProposal.number=1629 lastProposal.hash="043f5d…041bbb"
INFO [05-04|15:13:07.124] QBFT: initialize new round               address=0x13A52aaB892e1322e8b52506276363d4754c122e current.round=0 current.sequence=1630 target.round=0 lastProposal.number=1630 lastProposal.hash="7ac341…e61fde"
INFO [05-04|15:13:07.130] Commit new mining work                   number=1631 sealhash="bb9164…953099" uncles=0 txs=0 gas=0 fees=0 elapsed=9.145ms
INFO [05-04|15:13:12.517] Imported new chain segment               blocks=1  txs=0 mgas=0.000 elapsed=23.656ms    mgasps=0.000 number=1631 hash="b61859…527967" dirty=0.00B
INFO [05-04|15:13:12.521] QBFT: handle final committed             address=0x13A52aaB892e1322e8b52506276363d4754c122e current.round=0 current.sequence=1631 state="Accept request"
INFO [05-04|15:13:18.177] Imported new chain segment               blocks=1  txs=0 mgas=0.000 elapsed=190.277ms   mgasps=0.000 number=1632 hash="d94e1b…2233f7" dirty=0.00B
INFO [05-04|15:13:18.190] QBFT: handle final committed             address=0x13A52aaB892e1322e8b52506276363d4754c122e current.round=0 current.sequence=1632 state="Accept request"
INFO [05-04|15:13:18.190] QBFT: initialize new round               address=0x13A52aaB892e1322e8b52506276363d4754c122e current.round=0 current.sequence=1632 target.round=0 lastProposal.number=1632 lastProposal.hash="d94e1b…2233f7"
INFO [05-04|15:13:27.936] QBFT: handle final committed             address=0x13A52aaB892e1322e8b52506276363d4754c122e current.round=0 current.sequence=1634 state="Accept request"
INFO [05-04|15:13:27.938] QBFT: start new round                    address=0x13A52aaB892e1322e8b52506276363d4754c122e old.round=0  old.sequence=1634 old.state="Accept request" old.proposer=0x93917cADBace5dFCE132B991732c6Cda9bcC5B8a next.round=0 next.seq=1635 next.proposer=0x98C1334496614aED49d2E81526D089f7264fED9C next.valSet="[0x27A97C9AaF04f18f3014c32e036dD0Ac76Da5f18 0x93917cADBace5dFCE132B991732c6Cda9bcC5B8a 0x98C1334496614aED49d2E81526D089f7264fED9C 0xcE412f988377e31F4d0fF12d74df73B51C42d0cA]" next.size=4 next.IsProposer=false
INFO [05-04|15:13:32.773] Imported new chain segment               blocks=1  txs=0 mgas=0.000 elapsed=24.195ms    mgasps=0.000 number=1635 hash="052d7b…b79cbe" dirty=0.00B
INFO [05-04|15:13:42.400] QBFT: handle final committed             address=0x13A52aaB892e1322e8b52506276363d4754c122e current.round=0 current.sequence=1637 state="Accept request"
INFO [05-04|15:13:42.402] QBFT: initialize new round               address=0x13A52aaB892e1322e8b52506276363d4754c122e current.round=0 current.sequence=1637 target.round=0 lastProposal.number=1637 lastProposal.hash="980c58…ce5671"
INFO [05-04|15:13:42.408] QBFT: start new round                    address=0x13A52aaB892e1322e8b52506276363d4754c122e old.round=0  old.sequence=1637 old.state="Accept request" old.proposer=0x27A97C9AaF04f18f3014c32e036dD0Ac76Da5f18 next.round=0 next.seq=1638 next.proposer=0x93917cADBace5dFCE132B991732c6Cda9bcC5B8a next.valSet="[0x27A97C9AaF04f18f3014c32e036dD0Ac76Da5f18 0x93917cADBace5dFCE132B991732c6Cda9bcC5B8a 0x98C1334496614aED49d2E81526D089f7264fED9C 0xcE412f988377e31F4d0fF12d74df73B51C42d0cA]" next.size=4 next.IsProposer=false
INFO [05-04|15:13:47.208] Imported new chain segment               blocks=1  txs=0 mgas=0.000 elapsed=2.843ms     mgasps=0.000 number=1638 hash="84ee0b…914fec" dirty=0.00B
INFO [05-04|15:13:52.270] Commit new mining work                   number=1640 sealhash="ee7474…da953b" uncles=0 txs=0 gas=0 fees=0 elapsed=3.812ms
WARN [05-04|15:13:52.270] Block sealing failed                     err=unauthorized
INFO [05-04|15:13:57.275] Imported new chain segment               blocks=1  txs=0 mgas=0.000 elapsed=131.785ms   mgasps=0.000 number=1640 hash="5a0e53…1f6d18" dirty=0.00B
INFO [05-04|15:13:57.296] Commit new mining work                   number=1641 sealhash="e3f2da…eab6f2" uncles=0 txs=0 gas=0 fees=0 elapsed=17.307ms
WARN [05-04|15:13:57.313] Block sealing failed                     err=unauthorized
INFO [05-04|15:13:57.350] QBFT: start new round                    address=0x13A52aaB892e1322e8b52506276363d4754c122e old.round=0  old.sequence=1640 old.state="Accept request" old.proposer=0xcE412f988377e31F4d0fF12d74df73B51C42d0cA next.round=0 next.seq=1641 next.proposer=0x27A97C9AaF04f18f3014c32e036dD0Ac76Da5f18 next.valSet="[0x27A97C9AaF04f18f3014c32e036dD0Ac76Da5f18 0x93917cADBace5dFCE132B991732c6Cda9bcC5B8a 0x98C1334496614aED49d2E81526D089f7264fED9C 0xcE412f988377e31F4d0fF12d74df73B51C42d0cA]" next.size=4 next.IsProposer=false
INFO [05-04|15:14:02.456] QBFT: handle final committed             address=0x13A52aaB892e1322e8b52506276363d4754c122e current.round=0 current.sequence=1641 state="Accept request"
INFO [05-04|15:14:02.468] QBFT: initialize new round               address=0x13A52aaB892e1322e8b52506276363d4754c122e current.round=0 current.sequence=1641 target.round=0 lastProposal.number=1641 lastProposal.hash="6901fc…e697ad"
WARN [05-04|15:14:02.475] Block sealing failed                     err=unauthorized
INFO [05-04|15:14:02.524] QBFT: start new round                    address=0x13A52aaB892e1322e8b52506276363d4754c122e old.round=0  old.sequence=1641 old.state="Accept request" old.proposer=0x27A97C9AaF04f18f3014c32e036dD0Ac76Da5f18 next.round=0 next.seq=1642 next.proposer=0x93917cADBace5dFCE132B991732c6Cda9bcC5B8a next.valSet="[0x27A97C9AaF04f18f3014c32e036dD0Ac76Da5f18 0x93917cADBace5dFCE132B991732c6Cda9bcC5B8a 0x98C1334496614aED49d2E81526D089f7264fED9C 0xcE412f988377e31F4d0fF12d74df73B51C42d0cA]" next.size=4 next.IsProposer=false
WARN [05-04|15:14:07.325] Block sealing failed                     err=unauthorized
INFO [05-04|15:14:17.195] Imported new chain segment               blocks=1  txs=0 mgas=0.000 elapsed=4.063ms     mgasps=0.000 number=1644 hash="29c013…bbc5f3" dirty=0.00B
INFO [05-04|15:14:17.197] QBFT: handle final committed             address=0x13A52aaB892e1322e8b52506276363d4754c122e current.round=0 current.sequence=1644 state="Accept request"
INFO [05-04|15:14:17.201] Commit new mining work                   number=1645 sealhash="99a36a…51aadf" uncles=0 txs=0 gas=0 fees=0 elapsed=5.192ms
INFO [05-04|15:14:27.525] QBFT: start new round                    address=0x13A52aaB892e1322e8b52506276363d4754c122e old.round=0  old.sequence=1646 old.state="Accept request" old.proposer=0x93917cADBace5dFCE132B991732c6Cda9bcC5B8a next.round=0 next.seq=1647 next.proposer=0x98C1334496614aED49d2E81526D089f7264fED9C next.valSet="[0x27A97C9AaF04f18f3014c32e036dD0Ac76Da5f18 0x93917cADBace5dFCE132B991732c6Cda9bcC5B8a 0x98C1334496614aED49d2E81526D089f7264fED9C 0xcE412f988377e31F4d0fF12d74df73B51C42d0cA]" next.size=4 next.IsProposer=false
INFO [05-04|15:14:32.684] Commit new mining work                   number=1648 sealhash="ede8cb…df3843" uncles=0 txs=0 gas=0 fees=0 elapsed=69.659ms
INFO [05-04|15:14:37.381] Imported new chain segment               blocks=1  txs=0 mgas=0.000 elapsed=81.956ms    mgasps=0.000 number=1648 hash="ba94da…86b76d" dirty=0.00B
INFO [05-04|15:14:37.408] QBFT: start new round                    address=0x13A52aaB892e1322e8b52506276363d4754c122e old.round=0  old.sequence=1648 old.state="Accept request" old.proposer=0xcE412f988377e31F4d0fF12d74df73B51C42d0cA next.round=0 next.seq=1649 next.proposer=0x27A97C9AaF04f18f3014c32e036dD0Ac76Da5f18 next.valSet="[0x27A97C9AaF04f18f3014c32e036dD0Ac76Da5f18 0x93917cADBace5dFCE132B991732c6Cda9bcC5B8a 0x98C1334496614aED49d2E81526D089f7264fED9C 0xcE412f988377e31F4d0fF12d74df73B51C42d0cA]" next.size=4 next.IsProposer=false
INFO [05-04|15:14:37.410] Commit new mining work                   number=1649 sealhash="b03b1a…866db2" uncles=0 txs=0 gas=0 fees=0 elapsed=29.291ms
WARN [05-04|15:14:37.410] Block sealing failed                     err=unauthorized
INFO [05-04|15:14:42.436] Imported new chain segment               blocks=1  txs=0 mgas=0.000 elapsed=55.435ms    mgasps=0.000 number=1649 hash="a22d9a…dad7cf" dirty=0.00B
WARN [05-04|15:14:42.458] Block sealing failed                     err=unauthorized
INFO [05-04|15:14:42.489] QBFT: start new round                    address=0x13A52aaB892e1322e8b52506276363d4754c122e old.round=0  old.sequence=1649 old.state="Accept request" old.proposer=0x27A97C9AaF04f18f3014c32e036dD0Ac76Da5f18 next.round=0 next.seq=1650 next.proposer=0x93917cADBace5dFCE132B991732c6Cda9bcC5B8a next.valSet="[0x27A97C9AaF04f18f3014c32e036dD0Ac76Da5f18 0x93917cADBace5dFCE132B991732c6Cda9bcC5B8a 0x98C1334496614aED49d2E81526D089f7264fED9C 0xcE412f988377e31F4d0fF12d74df73B51C42d0cA]" next.size=4 next.IsProposer=false
INFO [05-04|15:14:52.904] QBFT: start new round                    address=0x13A52aaB892e1322e8b52506276363d4754c122e old.round=0  old.sequence=1651 old.state="Accept request" old.proposer=0x98C1334496614aED49d2E81526D089f7264fED9C next.round=0 next.seq=1652 next.proposer=0xcE412f988377e31F4d0fF12d74df73B51C42d0cA next.valSet="[0x27A97C9AaF04f18f3014c32e036dD0Ac76Da5f18 0x93917cADBace5dFCE132B991732c6Cda9bcC5B8a 0x98C1334496614aED49d2E81526D089f7264fED9C 0xcE412f988377e31F4d0fF12d74df73B51C42d0cA]" next.size=4 next.IsProposer=false
WARN [05-04|15:14:52.954] Block sealing failed                     err=unauthorized
INFO [05-04|15:15:03.178] QBFT: start new round                    address=0x13A52aaB892e1322e8b52506276363d4754c122e old.round=0  old.sequence=1653 old.state="Accept request" old.proposer=0x27A97C9AaF04f18f3014c32e036dD0Ac76Da5f18 next.round=0 next.seq=1654 next.proposer=0x93917cADBace5dFCE132B991732c6Cda9bcC5B8a next.valSet="[0x27A97C9AaF04f18f3014c32e036dD0Ac76Da5f18 0x93917cADBace5dFCE132B991732c6Cda9bcC5B8a 0x98C1334496614aED49d2E81526D089f7264fED9C 0xcE412f988377e31F4d0fF12d74df73B51C42d0cA]" next.size=4 next.IsProposer=false
INFO [05-04|15:15:07.567] Imported new chain segment               blocks=1  txs=0 mgas=0.000 elapsed=94.055ms    mgasps=0.000 number=1654 hash="ab24ef…ef0f53" dirty=0.00B
INFO [05-04|15:15:12.301] Imported new chain segment               blocks=1  txs=0 mgas=0.000 elapsed=7.412ms     mgasps=0.000 number=1655 hash="6e2260…b17206" dirty=0.00B
WARN [05-04|15:15:12.309] Block sealing failed                     err=unauthorized
INFO [05-04|15:15:12.309] QBFT: start new round                    address=0x13A52aaB892e1322e8b52506276363d4754c122e old.round=0  old.sequence=1655 old.state="Accept request" old.proposer=0x98C1334496614aED49d2E81526D089f7264fED9C next.round=0 next.seq=1656 next.proposer=0xcE412f988377e31F4d0fF12d74df73B51C42d0cA next.valSet="[0x27A97C9AaF04f18f3014c32e036dD0Ac76Da5f18 0x93917cADBace5dFCE132B991732c6Cda9bcC5B8a 0x98C1334496614aED49d2E81526D089f7264fED9C 0xcE412f988377e31F4d0fF12d74df73B51C42d0cA]" next.size=4 next.IsProposer=false
INFO [05-04|15:15:22.851] QBFT: handle final committed             address=0x13A52aaB892e1322e8b52506276363d4754c122e current.round=0 current.sequence=1657 state="Accept request"
INFO [05-04|15:15:32.684] Imported new chain segment               blocks=1  txs=0 mgas=0.000 elapsed=231.463ms   mgasps=0.000 number=1659 hash="58f64e…4ebcc3" dirty=0.00B
INFO [05-04|15:15:47.238] Commit new mining work                   number=1663 sealhash="7ef894…be302f" uncles=0 txs=0 gas=0 fees=0 elapsed=6.235ms
INFO [05-04|15:15:47.249] QBFT: handle final committed             address=0x13A52aaB892e1322e8b52506276363d4754c122e current.round=0 current.sequence=1662 state="Accept request"
INFO [05-04|15:15:57.534] Imported new chain segment               blocks=1  txs=0 mgas=0.000 elapsed=56.424ms    mgasps=0.000 number=1664 hash="1888e9…1b7410" dirty=0.00B
INFO [05-04|15:15:57.538] QBFT: handle final committed             address=0x13A52aaB892e1322e8b52506276363d4754c122e current.round=0 current.sequence=1664 state="Accept request"
INFO [05-04|15:15:57.539] QBFT: initialize new round               address=0x13A52aaB892e1322e8b52506276363d4754c122e current.round=0 current.sequence=1664 target.round=0 lastProposal.number=1664 lastProposal.hash="1888e9…1b7410"
INFO [05-04|15:16:03.231] Imported new chain segment               blocks=1  txs=0 mgas=0.000 elapsed=215.210ms   mgasps=0.000 number=1665 hash="357b57…edcc69" dirty=0.00B
INFO [05-04|15:16:03.350] QBFT: start new round                    address=0x13A52aaB892e1322e8b52506276363d4754c122e old.round=0  old.sequence=1665 old.state="Accept request" old.proposer=0x27A97C9AaF04f18f3014c32e036dD0Ac76Da5f18 next.round=0 next.seq=1666 next.proposer=0x93917cADBace5dFCE132B991732c6Cda9bcC5B8a next.valSet="[0x27A97C9AaF04f18f3014c32e036dD0Ac76Da5f18 0x93917cADBace5dFCE132B991732c6Cda9bcC5B8a 0x98C1334496614aED49d2E81526D089f7264fED9C 0xcE412f988377e31F4d0fF12d74df73B51C42d0cA]" next.size=4 next.IsProposer=false
WARN [05-04|15:16:03.381] Block sealing failed                     err=unauthorized
INFO [05-04|15:16:07.174] Imported new chain segment               blocks=1  txs=0 mgas=0.000 elapsed=27.177ms    mgasps=0.000 number=1666 hash="6e8fed…2f3996" dirty=0.00B
INFO [05-04|15:16:07.187] QBFT: handle final committed             address=0x13A52aaB892e1322e8b52506276363d4754c122e current.round=0 current.sequence=1666 state="Accept request"
INFO [05-04|15:16:07.187] QBFT: initialize new round               address=0x13A52aaB892e1322e8b52506276363d4754c122e current.round=0 current.sequence=1666 target.round=0 lastProposal.number=1666 lastProposal.hash="6e8fed…2f3996"
INFO [05-04|15:16:07.204] Commit new mining work                   number=1667 sealhash="207fd7…9411e4" uncles=0 txs=0 gas=0 fees=0 elapsed=16.947ms
WARN [05-04|15:16:07.204] Block sealing failed                     err=unauthorized
INFO [05-04|15:16:22.323] QBFT: initialize new round               address=0x13A52aaB892e1322e8b52506276363d4754c122e current.round=0 current.sequence=1669 target.round=0 lastProposal.number=1669 lastProposal.hash="9c0cf6…3a6c0c"
WARN [05-04|15:16:27.273] Block sealing failed                     err=unauthorized
INFO [05-04|15:16:32.313] QBFT: handle final committed             address=0x13A52aaB892e1322e8b52506276363d4754c122e current.round=0 current.sequence=1671 state="Accept request"
INFO [05-04|15:16:32.317] QBFT: initialize new round               address=0x13A52aaB892e1322e8b52506276363d4754c122e current.round=0 current.sequence=1671 target.round=0 lastProposal.number=1671 lastProposal.hash="505ed8…7d0852"
INFO [05-04|15:16:32.349] QBFT: start new round                    address=0x13A52aaB892e1322e8b52506276363d4754c122e old.round=0  old.sequence=1671 old.state="Accept request" old.proposer=0x98C1334496614aED49d2E81526D089f7264fED9C next.round=0 next.seq=1672 next.proposer=0xcE412f988377e31F4d0fF12d74df73B51C42d0cA next.valSet="[0x27A97C9AaF04f18f3014c32e036dD0Ac76Da5f18 0x93917cADBace5dFCE132B991732c6Cda9bcC5B8a 0x98C1334496614aED49d2E81526D089f7264fED9C 0xcE412f988377e31F4d0fF12d74df73B51C42d0cA]" next.size=4 next.IsProposer=false
INFO [05-04|15:16:37.199] QBFT: handle final committed             address=0x13A52aaB892e1322e8b52506276363d4754c122e current.round=0 current.sequence=1672 state="Accept request"
WARN [05-04|15:16:37.206] Block sealing failed                     err=unauthorized
INFO [05-04|15:16:42.079] Imported new chain segment               blocks=1  txs=0 mgas=0.000 elapsed=13.086ms    mgasps=0.000 number=1673 hash="fe6038…b24996" dirty=0.00B
INFO [05-04|15:16:42.082] QBFT: handle final committed             address=0x13A52aaB892e1322e8b52506276363d4754c122e current.round=0 current.sequence=1673 state="Accept request"
INFO [05-04|15:16:42.100] Commit new mining work                   number=1674 sealhash="00c42f…2930d6" uncles=0 txs=0 gas=0 fees=0 elapsed=20.820ms
WARN [05-04|15:16:42.100] Block sealing failed                     err=unauthorized
WARN [05-04|15:16:52.073] Block sealing failed                     err=unauthorized
INFO [05-04|15:17:02.067] Imported new chain segment               blocks=1  txs=0 mgas=0.000 elapsed=17.039ms    mgasps=0.000 number=1677 hash="0b7321…633cbb" dirty=0.00B
INFO [05-04|15:17:07.034] Imported new chain segment               blocks=1  txs=0 mgas=0.000 elapsed=11.371ms    mgasps=0.000 number=1678 hash="e322dd…52d213" dirty=0.00B
INFO [05-04|15:17:07.037] QBFT: start new round                    address=0x13A52aaB892e1322e8b52506276363d4754c122e old.round=0  old.sequence=1678 old.state="Accept request" old.proposer=0x93917cADBace5dFCE132B991732c6Cda9bcC5B8a next.round=0 next.seq=1679 next.proposer=0x98C1334496614aED49d2E81526D089f7264fED9C next.valSet="[0x27A97C9AaF04f18f3014c32e036dD0Ac76Da5f18 0x93917cADBace5dFCE132B991732c6Cda9bcC5B8a 0x98C1334496614aED49d2E81526D089f7264fED9C 0xcE412f988377e31F4d0fF12d74df73B51C42d0cA]" next.size=4 next.IsProposer=false
INFO [05-04|15:17:27.062] Imported new chain segment               blocks=1  txs=0 mgas=0.000 elapsed="601.21µs"  mgasps=0.000 number=1680 hash="759643…21dbf7" dirty=0.00B
INFO [05-04|15:17:27.631] Imported new chain segment               blocks=1  txs=0 mgas=0.000 elapsed="900.677µs" mgasps=0.000 number=1681 hash="26e4d3…cacf0e" dirty=0.00B
INFO [05-04|15:17:27.632] QBFT: handle final committed             address=0x13A52aaB892e1322e8b52506276363d4754c122e current.round=0 current.sequence=1681 state="Accept request"
INFO [05-04|15:17:32.055] QBFT: handle final committed             address=0x13A52aaB892e1322e8b52506276363d4754c122e current.round=0 current.sequence=1682 state="Accept request"
INFO [05-04|15:17:32.055] QBFT: initialize new round               address=0x13A52aaB892e1322e8b52506276363d4754c122e current.round=0 current.sequence=1682 target.round=0 lastProposal.number=1682 lastProposal.hash="035c95…e36440"
INFO [05-04|15:17:32.055] Commit new mining work                   number=1683 sealhash="801ba8…640a75" uncles=0 txs=0 gas=0 fees=0 elapsed="449.156µs"
WARN [05-04|15:17:32.055] Block sealing failed                     err=unauthorized
INFO [05-04|15:17:47.040] Imported new chain segment               blocks=1  txs=0 mgas=0.000 elapsed=1.120ms     mgasps=0.000 number=1685 hash="468cc8…c77fef" dirty=0.00B
INFO [05-04|15:17:47.041] Commit new mining work                   number=1686 sealhash="2b07e1…0a0af2" uncles=0 txs=0 gas=0 fees=0 elapsed="357.318µs"
WARN [05-04|15:17:47.041] Block sealing failed                     err=unauthorized
INFO [05-04|15:17:47.041] QBFT: handle final committed             address=0x13A52aaB892e1322e8b52506276363d4754c122e current.round=0 current.sequence=1685 state="Accept request"
INFO [05-04|15:17:47.041] QBFT: initialize new round               address=0x13A52aaB892e1322e8b52506276363d4754c122e current.round=0 current.sequence=1685 target.round=0 lastProposal.number=1685 lastProposal.hash="468cc8…c77fef"
INFO [05-04|15:17:52.054] QBFT: start new round                    address=0x13A52aaB892e1322e8b52506276363d4754c122e old.round=0  old.sequence=1686 old.state="Accept request" old.proposer=0x98C1334496614aED49d2E81526D089f7264fED9C next.round=0 next.seq=1687 next.proposer=0xcE412f988377e31F4d0fF12d74df73B51C42d0cA next.valSet="[0x27A97C9AaF04f18f3014c32e036dD0Ac76Da5f18 0x93917cADBace5dFCE132B991732c6Cda9bcC5B8a 0x98C1334496614aED49d2E81526D089f7264fED9C 0xcE412f988377e31F4d0fF12d74df73B51C42d0cA]" next.size=4 next.IsProposer=false
INFO [05-04|15:18:02.040] Imported new chain segment               blocks=1  txs=0 mgas=0.000 elapsed="627.738µs" mgasps=0.000 number=1688 hash="9e60bc…e78e4a" dirty=0.00B
INFO [05-04|15:18:07.037] Commit new mining work                   number=1690 sealhash="97cecc…b25637" uncles=0 txs=0 gas=0 fees=0 elapsed=2.816ms
WARN [05-04|15:18:07.037] Block sealing failed                     err=unauthorized
INFO [05-04|15:18:07.039] QBFT: start new round                    address=0x13A52aaB892e1322e8b52506276363d4754c122e old.round=0  old.sequence=1689 old.state="Accept request" old.proposer=0x93917cADBace5dFCE132B991732c6Cda9bcC5B8a next.round=0 next.seq=1690 next.proposer=0x98C1334496614aED49d2E81526D089f7264fED9C next.valSet="[0x27A97C9AaF04f18f3014c32e036dD0Ac76Da5f18 0x93917cADBace5dFCE132B991732c6Cda9bcC5B8a 0x98C1334496614aED49d2E81526D089f7264fED9C 0xcE412f988377e31F4d0fF12d74df73B51C42d0cA]" next.size=4 next.IsProposer=false
INFO [05-04|15:18:12.030] Imported new chain segment               blocks=1  txs=0 mgas=0.000 elapsed=7.058ms     mgasps=0.000 number=1690 hash="fb70c5…7e98e4" dirty=0.00B
WARN [05-04|15:18:12.032] Block sealing failed                     err=unauthorized
INFO [05-04|15:18:12.034] QBFT: start new round                    address=0x13A52aaB892e1322e8b52506276363d4754c122e old.round=0  old.sequence=1690 old.state="Accept request" old.proposer=0x98C1334496614aED49d2E81526D089f7264fED9C next.round=0 next.seq=1691 next.proposer=0xcE412f988377e31F4d0fF12d74df73B51C42d0cA next.valSet="[0x27A97C9AaF04f18f3014c32e036dD0Ac76Da5f18 0x93917cADBace5dFCE132B991732c6Cda9bcC5B8a 0x98C1334496614aED49d2E81526D089f7264fED9C 0xcE412f988377e31F4d0fF12d74df73B51C42d0cA]" next.size=4 next.IsProposer=false
INFO [05-04|15:18:22.025] Imported new chain segment               blocks=1  txs=0 mgas=0.000 elapsed=2.360ms     mgasps=0.000 number=1692 hash="30eb1d…d17b6b" dirty=0.00B
INFO [05-04|15:18:22.026] Commit new mining work                   number=1693 sealhash="470151…c2b2a8" uncles=0 txs=0 gas=0 fees=0 elapsed="976.142µs"
INFO [05-04|15:18:27.030] Imported new chain segment               blocks=1  txs=0 mgas=0.000 elapsed="854.544µs" mgasps=0.000 number=1693 hash="c95ef5…e67d35" dirty=0.00B
INFO [05-04|15:18:27.033] Commit new mining work                   number=1694 sealhash="645443…8a6cd5" uncles=0 txs=0 gas=0 fees=0 elapsed=2.261ms
INFO [05-04|15:18:32.030] Imported new chain segment               blocks=1  txs=0 mgas=0.000 elapsed=3.892ms     mgasps=0.000 number=1694 hash="a2388e…093e64" dirty=0.00B
INFO [05-04|15:18:37.058] Imported new chain segment               blocks=1  txs=0 mgas=0.000 elapsed=5.022ms     mgasps=0.000 number=1695 hash="ce8afd…1cb3d7" dirty=0.00B
INFO [05-04|15:18:47.075] Commit new mining work                   number=1698 sealhash="34280d…d6f21e" uncles=0 txs=0 gas=0 fees=0 elapsed="351.495µs"
INFO [05-04|15:18:47.076] QBFT: start new round                    address=0x13A52aaB892e1322e8b52506276363d4754c122e old.round=0  old.sequence=1697 old.state="Accept request" old.proposer=0x93917cADBace5dFCE132B991732c6Cda9bcC5B8a next.round=0 next.seq=1698 next.proposer=0x98C1334496614aED49d2E81526D089f7264fED9C next.valSet="[0x27A97C9AaF04f18f3014c32e036dD0Ac76Da5f18 0x93917cADBace5dFCE132B991732c6Cda9bcC5B8a 0x98C1334496614aED49d2E81526D089f7264fED9C 0xcE412f988377e31F4d0fF12d74df73B51C42d0cA]" next.size=4 next.IsProposer=false
INFO [05-04|15:18:52.080] QBFT: handle final committed             address=0x13A52aaB892e1322e8b52506276363d4754c122e current.round=0 current.sequence=1698 state="Accept request"
INFO [05-04|15:18:52.082] QBFT: start new round                    address=0x13A52aaB892e1322e8b52506276363d4754c122e old.round=0  old.sequence=1698 old.state="Accept request" old.proposer=0x98C1334496614aED49d2E81526D089f7264fED9C next.round=0 next.seq=1699 next.proposer=0xcE412f988377e31F4d0fF12d74df73B51C42d0cA next.valSet="[0x27A97C9AaF04f18f3014c32e036dD0Ac76Da5f18 0x93917cADBace5dFCE132B991732c6Cda9bcC5B8a 0x98C1334496614aED49d2E81526D089f7264fED9C 0xcE412f988377e31F4d0fF12d74df73B51C42d0cA]" next.size=4 next.IsProposer=false
INFO [05-04|15:18:57.014] Commit new mining work                   number=1700 sealhash="7d26a5…208997" uncles=0 txs=0 gas=0 fees=0 elapsed="198.373µs"
WARN [05-04|15:18:57.015] Block sealing failed                     err=unauthorized
INFO [05-04|15:18:57.015] QBFT: handle final committed             address=0x13A52aaB892e1322e8b52506276363d4754c122e current.round=0 current.sequence=1699 state="Accept request"
INFO [05-04|15:18:57.015] QBFT: initialize new round               address=0x13A52aaB892e1322e8b52506276363d4754c122e current.round=0 current.sequence=1699 target.round=0 lastProposal.number=1699 lastProposal.hash="562b1b…d28ff3"
INFO [05-04|15:18:57.016] QBFT: start new round                    address=0x13A52aaB892e1322e8b52506276363d4754c122e old.round=0  old.sequence=1699 old.state="Accept request" old.proposer=0xcE412f988377e31F4d0fF12d74df73B51C42d0cA next.round=0 next.seq=1700 next.proposer=0x27A97C9AaF04f18f3014c32e036dD0Ac76Da5f18 next.valSet="[0x27A97C9AaF04f18f3014c32e036dD0Ac76Da5f18 0x93917cADBace5dFCE132B991732c6Cda9bcC5B8a 0x98C1334496614aED49d2E81526D089f7264fED9C 0xcE412f988377e31F4d0fF12d74df73B51C42d0cA]" next.size=4 next.IsProposer=false
INFO [05-04|15:19:02.033] Imported new chain segment               blocks=1  txs=0 mgas=0.000 elapsed="617.118µs" mgasps=0.000 number=1700 hash="9a65dc…046972" dirty=0.00B
INFO [05-04|15:19:02.034] Commit new mining work                   number=1701 sealhash="124c15…16f981" uncles=0 txs=0 gas=0 fees=0 elapsed="529.433µs"
INFO [05-04|15:19:02.035] QBFT: initialize new round               address=0x13A52aaB892e1322e8b52506276363d4754c122e current.round=0 current.sequence=1700 target.round=0 lastProposal.number=1700 lastProposal.hash="9a65dc…046972"
INFO [05-04|15:19:07.026] QBFT: start new round                    address=0x13A52aaB892e1322e8b52506276363d4754c122e old.round=0  old.sequence=1701 old.state="Accept request" old.proposer=0x93917cADBace5dFCE132B991732c6Cda9bcC5B8a next.round=0 next.seq=1702 next.proposer=0x98C1334496614aED49d2E81526D089f7264fED9C next.valSet="[0x27A97C9AaF04f18f3014c32e036dD0Ac76Da5f18 0x93917cADBace5dFCE132B991732c6Cda9bcC5B8a 0x98C1334496614aED49d2E81526D089f7264fED9C 0xcE412f988377e31F4d0fF12d74df73B51C42d0cA]" next.size=4 next.IsProposer=false
WARN [05-04|15:19:07.026] Block sealing failed                     err=unauthorized
INFO [05-04|15:19:07.556] Got interrupt, shutting down... 
INFO [05-04|15:19:07.560] HTTP server stopped                      endpoint=[::]:8545
INFO [05-04|15:19:07.563] HTTP server stopped                      endpoint=[::]:8546
INFO [05-04|15:19:07.577] IPC endpoint closed                      url=/data/geth.ipc
INFO [05-04|15:19:07.602] Ethereum protocol stopped 
INFO [05-04|15:19:07.609] Writing clean trie cache to disk         path=/data/geth/triecache threads=6
